 
****************************************
Report : area
Design : SET
Version: Q-2019.12
Date   : Sat Mar 16 17:53:54 2024
****************************************

Library(s) Used:

    slow (File: /usr/cad/designkit/CBDK_IC_Contest_v2.1/SynopsysDC/db/slow.db)

Number of ports:                           51
Number of nets:                           543
Number of cells:                          462
Number of combinational cells:            385
Number of sequential cells:                77
Number of macros/black boxes:               0
Number of buf/inv:                         70
Number of references:                      77

Combinational area:               3094.360189
Buf/Inv area:                      397.191596
Noncombinational area:            2603.811638
Macro/Black Box area:                0.000000
Net Interconnect area:           59033.630646

Total cell area:                  5698.171827
Total area:                      64731.802473
1
